Build started 4/28/2013 5:28:54 PM.
     1>Project "C:\Programming\Senior Design\VideoProcessor\GUI\WifiCode\WifiModule\WifiModule\WifiModule.vcxproj" on node 2 (build target(s)).
     1>InitializeBuildStatus:
         Creating "Debug\WifiModule.unsuccessfulbuild" because "AlwaysCreate" was specified.
       GenerateTargetFrameworkMonikerAttribute:
       Skipping target "GenerateTargetFrameworkMonikerAttribute" because all output files are up-to-date with respect to the input files.
       ClCompile:
         C:\Program Files\Microsoft Visual Studio 10.0\VC\bin\CL.exe /c /AI"C:\Program Files\Reference Assemblies\Microsoft\Framework\.NETFramework\v4.0" /Zi /clr /nologo /W3 /WX- /Od /Oy- /D WIN32 /D _DEBUG /D _UNICODE /D UNICODE /EHa /MDd /GS /fp:precise /Zc:wchar_t /Zc:forScope /Yc"StdAfx.h" /Fp"Debug\WifiModule.pch" /Fo"Debug\\" /Fd"Debug\vc100.pdb" /TP /FU"C:\Program Files\Reference Assemblies\Microsoft\Framework\.NETFramework\v4.0\System.Core.dll" /FU"C:\Program Files\Reference Assemblies\Microsoft\Framework\.NETFramework\v4.0\System.Data.dll" /FU"C:\Program Files\Reference Assemblies\Microsoft\Framework\.NETFramework\v4.0\System.dll" /FU"C:\Program Files\Reference Assemblies\Microsoft\Framework\.NETFramework\v4.0\System.Drawing.dll" /FU"C:\Program Files\Reference Assemblies\Microsoft\Framework\.NETFramework\v4.0\System.Windows.Forms.dll" /FU"C:\Program Files\Reference Assemblies\Microsoft\Framework\.NETFramework\v4.0\System.Xml.dll" /analyze- /errorReport:prompt AssemblyInfo.cpp Image.cpp stdafx.cpp WifiModule.cpp /clr:nostdlib 
         AssemblyInfo.cpp
     1>c:\programming\senior design\videoprocessor\gui\wificode\wifimodule\wifimodule\FrameProcessor.h(61): warning C4018: '<' : signed/unsigned mismatch
     1>c:\programming\senior design\videoprocessor\gui\wificode\wifimodule\wifimodule\FrameProcessor.h(98): warning C4018: '<' : signed/unsigned mismatch
     1>c:\programming\senior design\videoprocessor\gui\wificode\wifimodule\wifimodule\FrameProcessor.h(108): warning C4244: 'initializing' : conversion from 'double' to 'int', possible loss of data
     1>c:\programming\senior design\videoprocessor\gui\wificode\wifimodule\wifimodule\FrameProcessor.h(133): warning C4244: 'initializing' : conversion from 'int' to 'float', possible loss of data
     1>c:\programming\senior design\videoprocessor\gui\wificode\wifimodule\wifimodule\FrameProcessor.h(204): warning C4018: '<' : signed/unsigned mismatch
     1>c:\programming\senior design\videoprocessor\gui\wificode\wifimodule\wifimodule\FrameProcessor.h(206): warning C4244: '*=' : conversion from 'double' to 'int', possible loss of data
     1>c:\programming\senior design\videoprocessor\gui\wificode\wifimodule\wifimodule\FrameProcessor.h(207): warning C4244: '*=' : conversion from 'double' to 'int', possible loss of data
     1>c:\programming\senior design\videoprocessor\gui\wificode\wifimodule\wifimodule\FrameProcessor.h(208): warning C4244: '*=' : conversion from 'double' to 'int', possible loss of data
     1>c:\programming\senior design\videoprocessor\gui\wificode\wifimodule\wifimodule\FrameProcessor.h(209): warning C4244: '*=' : conversion from 'double' to 'int', possible loss of data
     1>c:\programming\senior design\videoprocessor\gui\wificode\wifimodule\wifimodule\FrameProcessor.h(238): warning C4018: '<' : signed/unsigned mismatch
     1>c:\programming\senior design\videoprocessor\gui\wificode\wifimodule\wifimodule\FrameProcessor.h(432): warning C4018: '<' : signed/unsigned mismatch
     1>c:\programming\senior design\videoprocessor\gui\wificode\wifimodule\wifimodule\FrameProcessor.h(444): warning C4244: 'initializing' : conversion from 'float' to 'int', possible loss of data
     1>c:\programming\senior design\videoprocessor\gui\wificode\wifimodule\wifimodule\FrameProcessor.h(454): warning C4244: 'initializing' : conversion from 'float' to 'int', possible loss of data
     1>c:\programming\senior design\videoprocessor\gui\wificode\wifimodule\wifimodule\FrameProcessor.h(455): warning C4244: 'initializing' : conversion from 'float' to 'int', possible loss of data
     1>c:\programming\senior design\videoprocessor\gui\wificode\wifimodule\wifimodule\FrameProcessor.h(456): warning C4244: 'initializing' : conversion from 'float' to 'int', possible loss of data
     1>c:\programming\senior design\videoprocessor\gui\wificode\wifimodule\wifimodule\FrameProcessor.h(466): warning C4018: '<' : signed/unsigned mismatch
     1>c:\programming\senior design\videoprocessor\gui\wificode\wifimodule\wifimodule\FrameProcessor.h(471): warning C4018: '<' : signed/unsigned mismatch
     1>c:\programming\senior design\videoprocessor\gui\wificode\wifimodule\wifimodule\FrameProcessor.h(476): warning C4018: '<' : signed/unsigned mismatch
         Image.cpp
     1>c:\programming\senior design\videoprocessor\gui\wificode\wifimodule\wifimodule\FrameProcessor.h(61): warning C4018: '<' : signed/unsigned mismatch
     1>c:\programming\senior design\videoprocessor\gui\wificode\wifimodule\wifimodule\FrameProcessor.h(98): warning C4018: '<' : signed/unsigned mismatch
     1>c:\programming\senior design\videoprocessor\gui\wificode\wifimodule\wifimodule\FrameProcessor.h(108): warning C4244: 'initializing' : conversion from 'double' to 'int', possible loss of data
     1>c:\programming\senior design\videoprocessor\gui\wificode\wifimodule\wifimodule\FrameProcessor.h(133): warning C4244: 'initializing' : conversion from 'int' to 'float', possible loss of data
     1>c:\programming\senior design\videoprocessor\gui\wificode\wifimodule\wifimodule\FrameProcessor.h(204): warning C4018: '<' : signed/unsigned mismatch
     1>c:\programming\senior design\videoprocessor\gui\wificode\wifimodule\wifimodule\FrameProcessor.h(206): warning C4244: '*=' : conversion from 'double' to 'int', possible loss of data
     1>c:\programming\senior design\videoprocessor\gui\wificode\wifimodule\wifimodule\FrameProcessor.h(207): warning C4244: '*=' : conversion from 'double' to 'int', possible loss of data
     1>c:\programming\senior design\videoprocessor\gui\wificode\wifimodule\wifimodule\FrameProcessor.h(208): warning C4244: '*=' : conversion from 'double' to 'int', possible loss of data
     1>c:\programming\senior design\videoprocessor\gui\wificode\wifimodule\wifimodule\FrameProcessor.h(209): warning C4244: '*=' : conversion from 'double' to 'int', possible loss of data
     1>c:\programming\senior design\videoprocessor\gui\wificode\wifimodule\wifimodule\FrameProcessor.h(238): warning C4018: '<' : signed/unsigned mismatch
     1>c:\programming\senior design\videoprocessor\gui\wificode\wifimodule\wifimodule\FrameProcessor.h(432): warning C4018: '<' : signed/unsigned mismatch
     1>c:\programming\senior design\videoprocessor\gui\wificode\wifimodule\wifimodule\FrameProcessor.h(444): warning C4244: 'initializing' : conversion from 'float' to 'int', possible loss of data
     1>c:\programming\senior design\videoprocessor\gui\wificode\wifimodule\wifimodule\FrameProcessor.h(454): warning C4244: 'initializing' : conversion from 'float' to 'int', possible loss of data
     1>c:\programming\senior design\videoprocessor\gui\wificode\wifimodule\wifimodule\FrameProcessor.h(455): warning C4244: 'initializing' : conversion from 'float' to 'int', possible loss of data
     1>c:\programming\senior design\videoprocessor\gui\wificode\wifimodule\wifimodule\FrameProcessor.h(456): warning C4244: 'initializing' : conversion from 'float' to 'int', possible loss of data
     1>c:\programming\senior design\videoprocessor\gui\wificode\wifimodule\wifimodule\FrameProcessor.h(466): warning C4018: '<' : signed/unsigned mismatch
     1>c:\programming\senior design\videoprocessor\gui\wificode\wifimodule\wifimodule\FrameProcessor.h(471): warning C4018: '<' : signed/unsigned mismatch
     1>c:\programming\senior design\videoprocessor\gui\wificode\wifimodule\wifimodule\FrameProcessor.h(476): warning C4018: '<' : signed/unsigned mismatch
         stdafx.cpp
     1>c:\programming\senior design\videoprocessor\gui\wificode\wifimodule\wifimodule\FrameProcessor.h(61): warning C4018: '<' : signed/unsigned mismatch
     1>c:\programming\senior design\videoprocessor\gui\wificode\wifimodule\wifimodule\FrameProcessor.h(98): warning C4018: '<' : signed/unsigned mismatch
     1>c:\programming\senior design\videoprocessor\gui\wificode\wifimodule\wifimodule\FrameProcessor.h(108): warning C4244: 'initializing' : conversion from 'double' to 'int', possible loss of data
     1>c:\programming\senior design\videoprocessor\gui\wificode\wifimodule\wifimodule\FrameProcessor.h(133): warning C4244: 'initializing' : conversion from 'int' to 'float', possible loss of data
     1>c:\programming\senior design\videoprocessor\gui\wificode\wifimodule\wifimodule\FrameProcessor.h(204): warning C4018: '<' : signed/unsigned mismatch
     1>c:\programming\senior design\videoprocessor\gui\wificode\wifimodule\wifimodule\FrameProcessor.h(206): warning C4244: '*=' : conversion from 'double' to 'int', possible loss of data
     1>c:\programming\senior design\videoprocessor\gui\wificode\wifimodule\wifimodule\FrameProcessor.h(207): warning C4244: '*=' : conversion from 'double' to 'int', possible loss of data
     1>c:\programming\senior design\videoprocessor\gui\wificode\wifimodule\wifimodule\FrameProcessor.h(208): warning C4244: '*=' : conversion from 'double' to 'int', possible loss of data
     1>c:\programming\senior design\videoprocessor\gui\wificode\wifimodule\wifimodule\FrameProcessor.h(209): warning C4244: '*=' : conversion from 'double' to 'int', possible loss of data
     1>c:\programming\senior design\videoprocessor\gui\wificode\wifimodule\wifimodule\FrameProcessor.h(238): warning C4018: '<' : signed/unsigned mismatch
     1>c:\programming\senior design\videoprocessor\gui\wificode\wifimodule\wifimodule\FrameProcessor.h(432): warning C4018: '<' : signed/unsigned mismatch
     1>c:\programming\senior design\videoprocessor\gui\wificode\wifimodule\wifimodule\FrameProcessor.h(444): warning C4244: 'initializing' : conversion from 'float' to 'int', possible loss of data
     1>c:\programming\senior design\videoprocessor\gui\wificode\wifimodule\wifimodule\FrameProcessor.h(454): warning C4244: 'initializing' : conversion from 'float' to 'int', possible loss of data
     1>c:\programming\senior design\videoprocessor\gui\wificode\wifimodule\wifimodule\FrameProcessor.h(455): warning C4244: 'initializing' : conversion from 'float' to 'int', possible loss of data
     1>c:\programming\senior design\videoprocessor\gui\wificode\wifimodule\wifimodule\FrameProcessor.h(456): warning C4244: 'initializing' : conversion from 'float' to 'int', possible loss of data
     1>c:\programming\senior design\videoprocessor\gui\wificode\wifimodule\wifimodule\FrameProcessor.h(466): warning C4018: '<' : signed/unsigned mismatch
     1>c:\programming\senior design\videoprocessor\gui\wificode\wifimodule\wifimodule\FrameProcessor.h(471): warning C4018: '<' : signed/unsigned mismatch
     1>c:\programming\senior design\videoprocessor\gui\wificode\wifimodule\wifimodule\FrameProcessor.h(476): warning C4018: '<' : signed/unsigned mismatch
         WifiModule.cpp
     1>c:\programming\senior design\videoprocessor\gui\wificode\wifimodule\wifimodule\FrameProcessor.h(61): warning C4018: '<' : signed/unsigned mismatch
     1>c:\programming\senior design\videoprocessor\gui\wificode\wifimodule\wifimodule\FrameProcessor.h(98): warning C4018: '<' : signed/unsigned mismatch
     1>c:\programming\senior design\videoprocessor\gui\wificode\wifimodule\wifimodule\FrameProcessor.h(108): warning C4244: 'initializing' : conversion from 'double' to 'int', possible loss of data
     1>c:\programming\senior design\videoprocessor\gui\wificode\wifimodule\wifimodule\FrameProcessor.h(133): warning C4244: 'initializing' : conversion from 'int' to 'float', possible loss of data
     1>c:\programming\senior design\videoprocessor\gui\wificode\wifimodule\wifimodule\FrameProcessor.h(204): warning C4018: '<' : signed/unsigned mismatch
     1>c:\programming\senior design\videoprocessor\gui\wificode\wifimodule\wifimodule\FrameProcessor.h(206): warning C4244: '*=' : conversion from 'double' to 'int', possible loss of data
     1>c:\programming\senior design\videoprocessor\gui\wificode\wifimodule\wifimodule\FrameProcessor.h(207): warning C4244: '*=' : conversion from 'double' to 'int', possible loss of data
     1>c:\programming\senior design\videoprocessor\gui\wificode\wifimodule\wifimodule\FrameProcessor.h(208): warning C4244: '*=' : conversion from 'double' to 'int', possible loss of data
     1>c:\programming\senior design\videoprocessor\gui\wificode\wifimodule\wifimodule\FrameProcessor.h(209): warning C4244: '*=' : conversion from 'double' to 'int', possible loss of data
     1>c:\programming\senior design\videoprocessor\gui\wificode\wifimodule\wifimodule\FrameProcessor.h(238): warning C4018: '<' : signed/unsigned mismatch
     1>c:\programming\senior design\videoprocessor\gui\wificode\wifimodule\wifimodule\FrameProcessor.h(432): warning C4018: '<' : signed/unsigned mismatch
     1>c:\programming\senior design\videoprocessor\gui\wificode\wifimodule\wifimodule\FrameProcessor.h(444): warning C4244: 'initializing' : conversion from 'float' to 'int', possible loss of data
     1>c:\programming\senior design\videoprocessor\gui\wificode\wifimodule\wifimodule\FrameProcessor.h(454): warning C4244: 'initializing' : conversion from 'float' to 'int', possible loss of data
     1>c:\programming\senior design\videoprocessor\gui\wificode\wifimodule\wifimodule\FrameProcessor.h(455): warning C4244: 'initializing' : conversion from 'float' to 'int', possible loss of data
     1>c:\programming\senior design\videoprocessor\gui\wificode\wifimodule\wifimodule\FrameProcessor.h(456): warning C4244: 'initializing' : conversion from 'float' to 'int', possible loss of data
     1>c:\programming\senior design\videoprocessor\gui\wificode\wifimodule\wifimodule\FrameProcessor.h(466): warning C4018: '<' : signed/unsigned mismatch
     1>c:\programming\senior design\videoprocessor\gui\wificode\wifimodule\wifimodule\FrameProcessor.h(471): warning C4018: '<' : signed/unsigned mismatch
     1>c:\programming\senior design\videoprocessor\gui\wificode\wifimodule\wifimodule\FrameProcessor.h(476): warning C4018: '<' : signed/unsigned mismatch
     1>c:\programming\senior design\videoprocessor\gui\wificode\wifimodule\wifimodule\Form1.h(982): warning C4018: '<' : signed/unsigned mismatch
     1>c:\programming\senior design\videoprocessor\gui\wificode\wifimodule\wifimodule\Form1.h(1025): warning C4244: 'initializing' : conversion from 'double' to 'int', possible loss of data
         C:\Program Files\Microsoft Visual Studio 10.0\VC\bin\CL.exe /c /Zi /clr /nologo /W3 /WX- /Od /Oy- /D WIN32 /D _DEBUG /D _UNICODE /D UNICODE /EHa /MDd /GS /fp:precise /Zc:wchar_t /Zc:forScope /Fo"Debug\\" /Fd"Debug\vc100.pdb" /TP /analyze- /errorReport:prompt "C:\Users\Chris\AppData\Local\Temp\.NETFramework,Version=v4.0.AssemblyAttributes.cpp"
         .NETFramework,Version=v4.0.AssemblyAttributes.cpp
       CoreResGen:
         "C:\Program Files\Microsoft SDKs\Windows\v7.0A\bin\NETFX 4.0 Tools\resgen.exe" /useSourcePath /r:"C:\Program Files\Reference Assemblies\Microsoft\Framework\.NETFramework\v4.0\System.Core.dll" /r:"C:\Program Files\Reference Assemblies\Microsoft\Framework\.NETFramework\v4.0\System.Data.dll" /r:"C:\Program Files\Reference Assemblies\Microsoft\Framework\.NETFramework\v4.0\System.dll" /r:"C:\Program Files\Reference Assemblies\Microsoft\Framework\.NETFramework\v4.0\System.Drawing.dll" /r:"C:\Program Files\Reference Assemblies\Microsoft\Framework\.NETFramework\v4.0\System.Windows.Forms.dll" /r:"C:\Program Files\Reference Assemblies\Microsoft\Framework\.NETFramework\v4.0\System.Xml.dll" /compile Form1.resX,Debug\WifiModule.Form1.resources
         Processing resource file "Form1.resX" into "Debug\WifiModule.Form1.resources".
       ResourceCompile:
         C:\Program Files\Microsoft SDKs\Windows\v7.0A\bin\rc.exe /D _UNICODE /D UNICODE /l"0x0409" /nologo /fo"Debug\app.res" app.rc 
       Link:
         C:\Program Files\Microsoft Visual Studio 10.0\VC\bin\link.exe /ERRORREPORT:PROMPT /OUT:"C:\Programming\Senior Design\VideoProcessor\GUI\WifiCode\WifiModule\Debug\WifiModule.exe" /INCREMENTAL /NOLOGO "C:\Program Files\OpenCV2.0\lib\cxcore200.lib" "C:\Program Files\OpenCV2.0\lib\highgui200.lib" "C:\Program Files\OpenCV2.0\lib\ml200.lib" kernel32.lib user32.lib gdi32.lib winspool.lib comdlg32.lib advapi32.lib shell32.lib ole32.lib oleaut32.lib uuid.lib odbc32.lib odbccp32.lib /ASSEMBLYRESOURCE:Debug\WifiModule.Form1.resources /MANIFEST /ManifestFile:"Debug\WifiModule.exe.intermediate.manifest" /MANIFESTUAC:"level='asInvoker' uiAccess='false'" /DEBUG /PDB:"C:\Programming\Senior Design\VideoProcessor\GUI\WifiCode\WifiModule\Debug\WifiModule.pdb" /ASSEMBLYDEBUG /SUBSYSTEM:WINDOWS /TLBID:1 /ENTRY:"main" /DYNAMICBASE /FIXED:NO /NXCOMPAT /MACHINE:X86 Debug\app.res
         Debug\AssemblyInfo.obj
         Debug\Image.obj
         Debug\stdafx.obj
         Debug\WifiModule.obj
         "Debug\.NETFramework,Version=v4.0.AssemblyAttributes.obj"
         WifiModule.vcxproj -> C:\Programming\Senior Design\VideoProcessor\GUI\WifiCode\WifiModule\Debug\WifiModule.exe
       Manifest:
         C:\Program Files\Microsoft SDKs\Windows\v7.0A\bin\mt.exe /nologo /verbose /outputresource:"C:\Programming\Senior Design\VideoProcessor\GUI\WifiCode\WifiModule\Debug\WifiModule.exe;#1" /manifest Debug\WifiModule.exe.intermediate.manifest
       FinalizeBuildStatus:
         Deleting file "Debug\WifiModule.unsuccessfulbuild".
         Touching "Debug\WifiModule.lastbuildstate".
     1>Done Building Project "C:\Programming\Senior Design\VideoProcessor\GUI\WifiCode\WifiModule\WifiModule\WifiModule.vcxproj" (build target(s)).

Build succeeded.

Time Elapsed 00:00:24.97
