C:\PROGRAMMING\SENIOR DESIGN\VIDEOPROCESSOR\GUI\WIFICODE\WIFIMODULE\DEBUG\WIFIMODULE.EXE
C:\PROGRAMMING\SENIOR DESIGN\VIDEOPROCESSOR\GUI\WIFICODE\WIFIMODULE\DEBUG\WIFIMODULE.ILK
C:\PROGRAMMING\SENIOR DESIGN\VIDEOPROCESSOR\GUI\WIFICODE\WIFIMODULE\DEBUG\WIFIMODULE.PDB
C:\PROGRAMMING\SENIOR DESIGN\VIDEOPROCESSOR\GUI\WIFICODE\WIFIMODULE\WIFIMODULE\DEBUG\.NETFRAMEWORK,VERSION=V4.0.ASSEMBLYATTRIBUTES.OBJ
C:\PROGRAMMING\SENIOR DESIGN\VIDEOPROCESSOR\GUI\WIFICODE\WIFIMODULE\WIFIMODULE\DEBUG\APP.RES
C:\PROGRAMMING\SENIOR DESIGN\VIDEOPROCESSOR\GUI\WIFICODE\WIFIMODULE\WIFIMODULE\DEBUG\ASSEMBLYINFO.OBJ
C:\Programming\Senior Design\VideoProcessor\GUI\WifiCode\WifiModule\WifiModule\Debug\cl.command.1.tlog
C:\Programming\Senior Design\VideoProcessor\GUI\WifiCode\WifiModule\WifiModule\Debug\CL.read.1.tlog
C:\Programming\Senior Design\VideoProcessor\GUI\WifiCode\WifiModule\WifiModule\Debug\CL.write.1.tlog
C:\Programming\Senior Design\VideoProcessor\GUI\WifiCode\WifiModule\WifiModule\Debug\GenerateResource.read.1.tlog
C:\Programming\Senior Design\VideoProcessor\GUI\WifiCode\WifiModule\WifiModule\Debug\GenerateResource.write.1.tlog
C:\PROGRAMMING\SENIOR DESIGN\VIDEOPROCESSOR\GUI\WIFICODE\WIFIMODULE\WIFIMODULE\DEBUG\IMAGE.OBJ
C:\Programming\Senior Design\VideoProcessor\GUI\WifiCode\WifiModule\WifiModule\Debug\link.5940.read.1.tlog
C:\Programming\Senior Design\VideoProcessor\GUI\WifiCode\WifiModule\WifiModule\Debug\link.5940.write.1.tlog
C:\Programming\Senior Design\VideoProcessor\GUI\WifiCode\WifiModule\WifiModule\Debug\link.5940-cvtres.read.1.tlog
C:\Programming\Senior Design\VideoProcessor\GUI\WifiCode\WifiModule\WifiModule\Debug\link.5940-cvtres.write.1.tlog
C:\Programming\Senior Design\VideoProcessor\GUI\WifiCode\WifiModule\WifiModule\Debug\link.command.1.tlog
C:\Programming\Senior Design\VideoProcessor\GUI\WifiCode\WifiModule\WifiModule\Debug\link.read.1.tlog
C:\Programming\Senior Design\VideoProcessor\GUI\WifiCode\WifiModule\WifiModule\Debug\link.write.1.tlog
C:\Programming\Senior Design\VideoProcessor\GUI\WifiCode\WifiModule\WifiModule\Debug\mt.command.1.tlog
C:\Programming\Senior Design\VideoProcessor\GUI\WifiCode\WifiModule\WifiModule\Debug\mt.read.1.tlog
C:\Programming\Senior Design\VideoProcessor\GUI\WifiCode\WifiModule\WifiModule\Debug\mt.write.1.tlog
C:\Programming\Senior Design\VideoProcessor\GUI\WifiCode\WifiModule\WifiModule\Debug\rc.command.1.tlog
C:\Programming\Senior Design\VideoProcessor\GUI\WifiCode\WifiModule\WifiModule\Debug\rc.read.1.tlog
C:\Programming\Senior Design\VideoProcessor\GUI\WifiCode\WifiModule\WifiModule\Debug\rc.write.1.tlog
C:\PROGRAMMING\SENIOR DESIGN\VIDEOPROCESSOR\GUI\WIFICODE\WIFIMODULE\WIFIMODULE\DEBUG\STDAFX.OBJ
C:\PROGRAMMING\SENIOR DESIGN\VIDEOPROCESSOR\GUI\WIFICODE\WIFIMODULE\WIFIMODULE\DEBUG\VC100.PDB
C:\PROGRAMMING\SENIOR DESIGN\VIDEOPROCESSOR\GUI\WIFICODE\WIFIMODULE\WIFIMODULE\DEBUG\WIFIMODULE.EXE.INTERMEDIATE.MANIFEST
C:\PROGRAMMING\SENIOR DESIGN\VIDEOPROCESSOR\GUI\WIFICODE\WIFIMODULE\WIFIMODULE\DEBUG\WIFIMODULE.FORM1.RESOURCES
C:\PROGRAMMING\SENIOR DESIGN\VIDEOPROCESSOR\GUI\WIFICODE\WIFIMODULE\WIFIMODULE\DEBUG\WIFIMODULE.OBJ
C:\PROGRAMMING\SENIOR DESIGN\VIDEOPROCESSOR\GUI\WIFICODE\WIFIMODULE\WIFIMODULE\DEBUG\WIFIMODULE.PCH
C:\Programming\Senior Design\VideoProcessor\GUI\WifiCode\WifiModule\WifiModule\Debug\WifiModule.write.1.tlog
